2023.09.18 17:03:31 INFO  Started: Metals version 1.0.1 in folders '/Users/sebastiankaeser/Study/WApp-Madm' for client Visual Studio Code 1.82.1.[0m
Sept. 18, 2023 5:03:31 PM org.flywaydb.core.internal.license.VersionPrinter printVersionOnly
INFO: Flyway Community Edition 9.21.2 by Redgate
Sept. 18, 2023 5:03:31 PM org.flywaydb.core.internal.license.VersionPrinter printVersion
INFO: See release notes here: https://rd.gt/416ObMi
Sept. 18, 2023 5:03:31 PM org.flywaydb.core.internal.license.VersionPrinter printVersion
INFO: 
Sept. 18, 2023 5:03:31 PM org.flywaydb.core.FlywayExecutor execute
INFO: Database: jdbc:h2:file:/Users/sebastiankaeser/Study/WApp-Madm/.metals/metals (H2 2.1)
Sept. 18, 2023 5:03:31 PM org.flywaydb.core.internal.schemahistory.JdbcTableSchemaHistory allAppliedMigrations
INFO: Schema history table "PUBLIC"."flyway_schema_history" does not exist yet
Sept. 18, 2023 5:03:31 PM org.flywaydb.core.internal.command.DbValidate validate
INFO: Successfully validated 4 migrations (execution time 00:00.006s)
Sept. 18, 2023 5:03:31 PM org.flywaydb.core.internal.schemahistory.JdbcTableSchemaHistory create
INFO: Creating Schema History table "PUBLIC"."flyway_schema_history" ...
Sept. 18, 2023 5:03:31 PM org.flywaydb.core.internal.command.DbMigrate migrateGroup
INFO: Current version of schema "PUBLIC": << Empty Schema >>
Sept. 18, 2023 5:03:31 PM org.flywaydb.core.internal.command.DbMigrate doMigrateGroup
INFO: Migrating schema "PUBLIC" to version "1 - Create tables"
Sept. 18, 2023 5:03:31 PM org.flywaydb.core.internal.command.DbMigrate doMigrateGroup
INFO: Migrating schema "PUBLIC" to version "2 - Server discovery"
Sept. 18, 2023 5:03:31 PM org.flywaydb.core.internal.command.DbMigrate doMigrateGroup
INFO: Migrating schema "PUBLIC" to version "3 - Jar symbols"
Sept. 18, 2023 5:03:31 PM org.flywaydb.core.internal.command.DbMigrate doMigrateGroup
INFO: Migrating schema "PUBLIC" to version "4 - Fingerprints"
Sept. 18, 2023 5:03:31 PM org.flywaydb.core.internal.command.DbMigrate logSummary
INFO: Successfully applied 4 migrations to schema "PUBLIC", now at version v4 (execution time 00:00.008s)
2023.09.18 17:03:31 INFO  time: initialize in 0.32s[0m
2023.09.18 17:03:32 WARN  Build server is not auto-connectable.[0m
2023.09.18 17:04:05 WARN  no build target for: /Users/sebastiankaeser/Study/WApp-Madm/app/controllers/HomeController.scala[0m
2023.09.18 17:04:08 INFO  no build target found for /Users/sebastiankaeser/Study/WApp-Madm/app/controllers/HomeController.scala. Using presentation compiler with project's scala-library version: 3.3.0[0m
Sept. 18, 2023 5:04:08 PM org.eclipse.lsp4j.jsonrpc.RemoteEndpoint handleCancellation
WARNING: Unmatched cancel notification for request id 1
2023.09.18 17:05:44 WARN  no build target for: /Users/sebastiankaeser/Study/WApp-Madm/app/controllers/HomeController.scala[0m
2023.09.18 17:05:49 WARN  no build target for: /Users/sebastiankaeser/Study/WApp-Madm/app/controllers/HomeController.scala[0m
2023.09.18 17:05:57 WARN  no build target for: /Users/sebastiankaeser/Study/WApp-Madm/app/controllers/HomeController.scala[0m
2023.09.18 17:06:00 WARN  no build target for: /Users/sebastiankaeser/Study/WApp-Madm/app/controllers/HomeController.scala[0m
2023.09.18 17:06:09 WARN  no build target for: /Users/sebastiankaeser/Study/WApp-Madm/app/controllers/HomeController.scala[0m
2023.09.18 17:06:11 WARN  no build target for: /Users/sebastiankaeser/Study/WApp-Madm/app/controllers/HomeController.scala[0m
2023.09.18 17:10:08 WARN  no build target for: /Users/sebastiankaeser/Study/WApp-Madm/app/controllers/HomeController.scala[0m
2023.09.18 17:10:18 WARN  no build target for: /Users/sebastiankaeser/Study/WApp-Madm/app/controllers/HomeController.scala[0m
2023.09.18 17:38:44 WARN  no build target for: /Users/sebastiankaeser/Study/WApp-Madm/app/controllers/HomeController.scala[0m
Sept. 18, 2023 5:38:48 PM org.eclipse.lsp4j.jsonrpc.RemoteEndpoint handleCancellation
WARNING: Unmatched cancel notification for request id 290
2023.09.18 17:38:50 WARN  no build target for: /Users/sebastiankaeser/Study/WApp-Madm/app/controllers/HomeController.scala[0m
2023.09.18 17:38:56 WARN  no build target for: /Users/sebastiankaeser/Study/WApp-Madm/app/controllers/HomeController.scala[0m
2023.09.18 17:38:59 WARN  no build target for: /Users/sebastiankaeser/Study/WApp-Madm/app/controllers/HomeController.scala[0m
2023.09.18 17:39:05 WARN  no build target for: /Users/sebastiankaeser/Study/WApp-Madm/app/controllers/HomeController.scala[0m
2023.09.18 17:39:09 WARN  no build target for: /Users/sebastiankaeser/Study/WApp-Madm/app/controllers/HomeController.scala[0m
2023.09.18 17:40:24 WARN  no build target for: /Users/sebastiankaeser/Study/WApp-Madm/app/controllers/HomeController.scala[0m
2023.09.18 17:40:27 WARN  no build target for: /Users/sebastiankaeser/Study/WApp-Madm/app/controllers/HomeController.scala[0m
2023.09.18 17:40:37 WARN  no build target for: /Users/sebastiankaeser/Study/WApp-Madm/app/controllers/HomeController.scala[0m
2023.09.18 18:07:26 WARN  no build target for: /Users/sebastiankaeser/Study/WApp-Madm/app/controllers/HomeController.scala[0m
2023.09.18 18:30:28 WARN  no build target for: /Users/sebastiankaeser/Study/WApp-Madm/app/controllers/HomeController.scala[0m
2023.09.18 18:30:35 WARN  no build target for: /Users/sebastiankaeser/Study/WApp-Madm/app/controllers/HomeController.scala[0m
2023.09.18 18:30:37 WARN  no build target for: /Users/sebastiankaeser/Study/WApp-Madm/app/controllers/HomeController.scala[0m
2023.09.18 18:30:41 WARN  no build target for: /Users/sebastiankaeser/Study/WApp-Madm/app/controllers/HomeController.scala[0m
2023.09.18 18:31:12 WARN  no build target for: /Users/sebastiankaeser/Study/WApp-Madm/app/controllers/HomeController.scala[0m
2023.09.18 18:31:13 WARN  no build target for: /Users/sebastiankaeser/Study/WApp-Madm/app/controllers/HomeController.scala[0m
Sept. 18, 2023 6:31:17 PM org.eclipse.lsp4j.jsonrpc.RemoteEndpoint handleCancellation
WARNING: Unmatched cancel notification for request id 934
2023.09.18 18:31:18 WARN  no build target for: /Users/sebastiankaeser/Study/WApp-Madm/app/controllers/HomeController.scala[0m
Sept. 18, 2023 6:31:22 PM org.eclipse.lsp4j.jsonrpc.RemoteEndpoint handleCancellation
WARNING: Unmatched cancel notification for request id 959
2023.09.18 18:31:25 WARN  no build target for: /Users/sebastiankaeser/Study/WApp-Madm/app/controllers/HomeController.scala[0m
2023.09.18 18:31:32 WARN  no build target for: /Users/sebastiankaeser/Study/WApp-Madm/app/controllers/HomeController.scala[0m
2023.09.18 18:31:33 WARN  no build target for: /Users/sebastiankaeser/Study/WApp-Madm/app/controllers/HomeController.scala[0m
2023.09.18 18:31:36 WARN  no build target for: /Users/sebastiankaeser/Study/WApp-Madm/app/controllers/HomeController.scala[0m
2023.09.18 18:31:42 WARN  no build target for: /Users/sebastiankaeser/Study/WApp-Madm/app/controllers/HomeController.scala[0m
2023.09.18 18:32:17 WARN  no build target for: /Users/sebastiankaeser/Study/WApp-Madm/app/controllers/HomeController.scala[0m
2023.09.18 18:32:18 WARN  no build target for: /Users/sebastiankaeser/Study/WApp-Madm/app/controllers/HomeController.scala[0m
2023.09.18 18:32:23 WARN  no build target for: /Users/sebastiankaeser/Study/WApp-Madm/app/controllers/HomeController.scala[0m
2023.09.18 18:34:17 WARN  no build target for: /Users/sebastiankaeser/Study/WApp-Madm/app/controllers/HomeController.scala[0m
2023.09.18 18:34:19 WARN  no build target for: /Users/sebastiankaeser/Study/WApp-Madm/app/controllers/HomeController.scala[0m
2023.09.18 18:34:22 WARN  no build target for: /Users/sebastiankaeser/Study/WApp-Madm/app/controllers/HomeController.scala[0m
2023.09.18 18:34:25 WARN  no build target for: /Users/sebastiankaeser/Study/WApp-Madm/app/controllers/HomeController.scala[0m
2023.09.18 18:34:51 WARN  no build target for: /Users/sebastiankaeser/Study/WApp-Madm/app/controllers/HomeController.scala[0m
2023.09.18 18:34:55 WARN  no build target for: /Users/sebastiankaeser/Study/WApp-Madm/app/controllers/HomeController.scala[0m
2023.09.18 18:35:00 WARN  no build target for: /Users/sebastiankaeser/Study/WApp-Madm/app/controllers/HomeController.scala[0m
2023.09.18 18:35:05 WARN  no build target for: /Users/sebastiankaeser/Study/WApp-Madm/app/controllers/HomeController.scala[0m
2023.09.18 18:35:08 WARN  no build target for: /Users/sebastiankaeser/Study/WApp-Madm/app/controllers/HomeController.scala[0m
2023.09.18 18:35:12 WARN  no build target for: /Users/sebastiankaeser/Study/WApp-Madm/app/controllers/HomeController.scala[0m
2023.09.18 18:35:13 WARN  no build target for: /Users/sebastiankaeser/Study/WApp-Madm/app/controllers/HomeController.scala[0m
2023.09.18 18:37:10 WARN  no build target for: /Users/sebastiankaeser/Study/WApp-Madm/app/controllers/HomeController.scala[0m
2023.09.18 19:12:14 WARN  no build target for: /Users/sebastiankaeser/Study/WApp-Madm/app/controllers/HomeController.scala[0m
2023.09.18 19:12:17 WARN  no build target for: /Users/sebastiankaeser/Study/WApp-Madm/app/controllers/HomeController.scala[0m
2023.09.18 19:12:23 WARN  no build target for: /Users/sebastiankaeser/Study/WApp-Madm/app/controllers/HomeController.scala[0m
2023.09.18 19:12:35 WARN  no build target for: /Users/sebastiankaeser/Study/WApp-Madm/app/controllers/HomeController.scala[0m
2023.09.18 19:12:36 WARN  no build target for: /Users/sebastiankaeser/Study/WApp-Madm/app/controllers/HomeController.scala[0m
2023.09.18 19:12:51 WARN  no build target for: /Users/sebastiankaeser/Study/WApp-Madm/app/controllers/HomeController.scala[0m
2023.09.18 19:12:53 WARN  no build target for: /Users/sebastiankaeser/Study/WApp-Madm/app/controllers/HomeController.scala[0m
2023.09.18 19:13:26 WARN  no build target for: /Users/sebastiankaeser/Study/WApp-Madm/app/controllers/HomeController.scala[0m
2023.09.18 19:13:29 WARN  no build target for: /Users/sebastiankaeser/Study/WApp-Madm/app/controllers/HomeController.scala[0m
Sept. 18, 2023 7:13:51 PM org.eclipse.lsp4j.jsonrpc.RemoteEndpoint handleCancellation
WARNING: Unmatched cancel notification for request id 1609
2023.09.18 19:13:52 WARN  no build target for: /Users/sebastiankaeser/Study/WApp-Madm/app/controllers/HomeController.scala[0m
2023.09.18 19:14:16 WARN  no build target for: /Users/sebastiankaeser/Study/WApp-Madm/app/controllers/HomeController.scala[0m
2023.09.18 19:14:17 WARN  no build target for: /Users/sebastiankaeser/Study/WApp-Madm/app/controllers/HomeController.scala[0m
2023.09.18 19:14:38 WARN  no build target for: /Users/sebastiankaeser/Study/WApp-Madm/app/controllers/HomeController.scala[0m
2023.09.18 19:14:58 WARN  no build target for: /Users/sebastiankaeser/Study/WApp-Madm/app/controllers/HomeController.scala[0m
2023.09.18 19:15:06 WARN  no build target for: /Users/sebastiankaeser/Study/WApp-Madm/app/controllers/HomeController.scala[0m
2023.09.18 19:15:09 WARN  no build target for: /Users/sebastiankaeser/Study/WApp-Madm/app/controllers/HomeController.scala[0m
2023.09.18 19:15:28 WARN  no build target for: /Users/sebastiankaeser/Study/WApp-Madm/app/controllers/HomeController.scala[0m
2023.09.18 19:15:31 WARN  no build target for: /Users/sebastiankaeser/Study/WApp-Madm/app/controllers/HomeController.scala[0m
2023.09.18 19:15:50 WARN  no build target for: /Users/sebastiankaeser/Study/WApp-Madm/app/controllers/HomeController.scala[0m
2023.09.18 19:15:56 WARN  no build target for: /Users/sebastiankaeser/Study/WApp-Madm/app/controllers/HomeController.scala[0m
2023.09.18 19:16:03 WARN  no build target for: /Users/sebastiankaeser/Study/WApp-Madm/app/controllers/HomeController.scala[0m
2023.09.18 19:16:04 WARN  no build target for: /Users/sebastiankaeser/Study/WApp-Madm/app/controllers/HomeController.scala[0m
2023.09.18 19:16:06 WARN  no build target for: /Users/sebastiankaeser/Study/WApp-Madm/app/controllers/HomeController.scala[0m
2023.09.18 19:24:27 WARN  no build target for: /Users/sebastiankaeser/Study/WApp-Madm/app/controllers/HomeController.scala[0m
Sept. 18, 2023 7:24:32 PM org.eclipse.lsp4j.jsonrpc.RemoteEndpoint handleCancellation
WARNING: Unmatched cancel notification for request id 1999
2023.09.18 19:24:33 WARN  no build target for: /Users/sebastiankaeser/Study/WApp-Madm/app/controllers/HomeController.scala[0m
2023.09.18 19:24:38 WARN  no build target for: /Users/sebastiankaeser/Study/WApp-Madm/app/controllers/HomeController.scala[0m
2023.09.18 19:24:41 WARN  no build target for: /Users/sebastiankaeser/Study/WApp-Madm/app/controllers/HomeController.scala[0m
2023.09.18 19:24:43 WARN  no build target for: /Users/sebastiankaeser/Study/WApp-Madm/app/controllers/HomeController.scala[0m
2023.09.18 19:24:46 WARN  no build target for: /Users/sebastiankaeser/Study/WApp-Madm/app/controllers/HomeController.scala[0m
2023.09.18 19:25:22 INFO  Shutting down server[0m
2023.09.18 19:25:22 INFO  shutting down Metals[0m
2023.09.18 19:25:22 INFO  Exiting server[0m
2023.09.18 19:25:22 ERROR Unexpected error initializing server: 
org.eclipse.lsp4j.jsonrpc.ResponseErrorException: Request window/showMessageRequest failed with message: Canceled
	at org.eclipse.lsp4j.jsonrpc.RemoteEndpoint.handleResponse(RemoteEndpoint.java:209)
	at org.eclipse.lsp4j.jsonrpc.RemoteEndpoint.consume(RemoteEndpoint.java:193)
	at org.eclipse.lsp4j.jsonrpc.json.StreamMessageProducer.handleMessage(StreamMessageProducer.java:194)
	at org.eclipse.lsp4j.jsonrpc.json.StreamMessageProducer.listen(StreamMessageProducer.java:94)
	at org.eclipse.lsp4j.jsonrpc.json.ConcurrentMessageProcessor.run(ConcurrentMessageProcessor.java:113)
	at java.util.concurrent.Executors$RunnableAdapter.call(Executors.java:539)
	at java.util.concurrent.FutureTask.run(FutureTask.java:264)
	at java.util.concurrent.ThreadPoolExecutor.runWorker(ThreadPoolExecutor.java:1136)
	at java.util.concurrent.ThreadPoolExecutor$Worker.run(ThreadPoolExecutor.java:635)
	at java.lang.Thread.run(Thread.java:833)
[0m
2023.09.19 15:18:22 INFO  Started: Metals version 1.0.1 in folders '/Users/sebastiankaeser/Study/WApp-Madm' for client Visual Studio Code 1.82.2.[0m
Sept. 19, 2023 3:18:22 PM org.flywaydb.core.internal.license.VersionPrinter printVersionOnly
INFO: Flyway Community Edition 9.21.2 by Redgate
Sept. 19, 2023 3:18:22 PM org.flywaydb.core.internal.license.VersionPrinter printVersion
INFO: See release notes here: https://rd.gt/416ObMi
Sept. 19, 2023 3:18:22 PM org.flywaydb.core.internal.license.VersionPrinter printVersion
INFO: 
Sept. 19, 2023 3:18:22 PM org.flywaydb.core.FlywayExecutor execute
INFO: Database: jdbc:h2:file:/Users/sebastiankaeser/Study/WApp-Madm/.metals/metals (H2 2.1)
Sept. 19, 2023 3:18:22 PM org.flywaydb.core.internal.command.DbValidate validate
INFO: Successfully validated 4 migrations (execution time 00:00.014s)
Sept. 19, 2023 3:18:23 PM org.flywaydb.core.internal.command.DbMigrate migrateGroup
INFO: Current version of schema "PUBLIC": 4
Sept. 19, 2023 3:18:23 PM org.flywaydb.core.internal.command.DbMigrate logSummary
INFO: Schema "PUBLIC" is up to date. No migration necessary.
2023.09.19 15:18:23 INFO  time: initialize in 0.39s[0m
2023.09.19 15:18:24 WARN  Build server is not auto-connectable.[0m
2023.09.19 15:18:24 WARN  no build target for: /Users/sebastiankaeser/Study/WApp-Madm/app/controllers/HomeController.scala[0m
2023.09.19 15:18:26 INFO  no build target found for /Users/sebastiankaeser/Study/WApp-Madm/app/controllers/HomeController.scala. Using presentation compiler with project's scala-library version: 3.3.0[0m
2023.09.19 15:18:27 INFO  time: code lens generation in 2.95s[0m
Sept. 19, 2023 3:18:28 PM org.eclipse.lsp4j.jsonrpc.RemoteEndpoint handleCancellation
WARNING: Unmatched cancel notification for request id 4
2023.09.19 15:18:49 ERROR Unexpected error initializing server: 
scala.concurrent.Future$$anon$2: Future.filter predicate is not satisfied
[0m
2023.09.19 15:19:25 WARN  no build target for: /Users/sebastiankaeser/Study/WApp-Madm/app/controllers/HomeController.scala[0m
2023.09.19 15:25:06 WARN  no build target for: /Users/sebastiankaeser/Study/WApp-Madm/app/controllers/HomeController.scala[0m
2023.09.19 15:25:08 WARN  no build target for: /Users/sebastiankaeser/Study/WApp-Madm/app/controllers/HomeController.scala[0m
2023.09.19 15:25:09 WARN  no build target for: /Users/sebastiankaeser/Study/WApp-Madm/app/controllers/HomeController.scala[0m
2023.09.19 15:25:12 WARN  no build target for: /Users/sebastiankaeser/Study/WApp-Madm/app/controllers/HomeController.scala[0m
2023.09.19 15:25:14 WARN  no build target for: /Users/sebastiankaeser/Study/WApp-Madm/app/controllers/HomeController.scala[0m
2023.09.19 15:25:16 WARN  no build target for: /Users/sebastiankaeser/Study/WApp-Madm/app/controllers/HomeController.scala[0m
2023.09.19 15:25:19 WARN  no build target for: /Users/sebastiankaeser/Study/WApp-Madm/app/controllers/HomeController.scala[0m
2023.09.19 15:25:22 WARN  no build target for: /Users/sebastiankaeser/Study/WApp-Madm/app/controllers/HomeController.scala[0m
2023.09.19 15:26:14 WARN  no build target for: /Users/sebastiankaeser/Study/WApp-Madm/app/controllers/HomeController.scala[0m
2023.09.19 15:26:16 WARN  no build target for: /Users/sebastiankaeser/Study/WApp-Madm/app/controllers/HomeController.scala[0m
2023.09.19 15:26:19 WARN  no build target for: /Users/sebastiankaeser/Study/WApp-Madm/app/controllers/HomeController.scala[0m
2023.09.19 15:27:08 WARN  no build target for: /Users/sebastiankaeser/Study/WApp-Madm/app/controllers/HomeController.scala[0m
Sept. 19, 2023 3:29:29 PM org.eclipse.lsp4j.jsonrpc.RemoteEndpoint handleCancellation
WARNING: Unmatched cancel notification for request id 378
2023.09.19 15:29:30 WARN  no build target for: /Users/sebastiankaeser/Study/WApp-Madm/app/controllers/HomeController.scala[0m
Sept. 19, 2023 3:30:36 PM org.eclipse.lsp4j.jsonrpc.RemoteEndpoint handleCancellation
WARNING: Unmatched cancel notification for request id 464
2023.09.19 15:31:07 WARN  no build target for: /Users/sebastiankaeser/Study/WApp-Madm/app/controllers/HomeController.scala[0m
2023.09.19 15:42:26 WARN  no build target for: /Users/sebastiankaeser/Study/WApp-Madm/app/controllers/HomeController.scala[0m
Exception in thread "pool-3-thread-1" java.lang.InterruptedException
	at scala.meta.internal.metals.FutureCancelToken.checkCanceled(FutureCancelToken.scala:29)
	at scala.meta.internal.pc.CompilerAccess.onCompilerJobQueue$$anonfun$1(CompilerAccess.scala:229)
	at scala.meta.internal.pc.CompilerJobQueue$Job.run(CompilerJobQueue.scala:152)
	at java.base/java.util.concurrent.ThreadPoolExecutor.runWorker(ThreadPoolExecutor.java:1136)
	at java.base/java.util.concurrent.ThreadPoolExecutor$Worker.run(ThreadPoolExecutor.java:635)
	at java.base/java.lang.Thread.run(Thread.java:833)
2023.09.19 15:44:33 WARN  Using indexes to guess the definition of gameController[0m
2023.09.19 15:44:37 WARN  no build target for: /Users/sebastiankaeser/Study/WApp-Madm/app/controllers/HomeController.scala[0m
2023.09.19 15:44:43 WARN  no build target for: /Users/sebastiankaeser/Study/WApp-Madm/app/controllers/HomeController.scala[0m
2023.09.19 15:44:45 WARN  no build target for: /Users/sebastiankaeser/Study/WApp-Madm/app/controllers/HomeController.scala[0m
2023.09.19 15:44:59 WARN  no build target for: /Users/sebastiankaeser/Study/WApp-Madm/app/controllers/HomeController.scala[0m
2023.09.19 15:45:27 WARN  no build target for: /Users/sebastiankaeser/Study/WApp-Madm/app/controllers/HomeController.scala[0m
2023.09.19 15:45:31 WARN  no build target for: /Users/sebastiankaeser/Study/WApp-Madm/app/controllers/HomeController.scala[0m
2023.09.19 15:45:42 WARN  no build target for: /Users/sebastiankaeser/Study/WApp-Madm/app/controllers/HomeController.scala[0m
2023.09.19 15:46:22 WARN  no build target for: /Users/sebastiankaeser/Study/WApp-Madm/app/controllers/HomeController.scala[0m
2023.09.19 15:48:20 WARN  no build target for: /Users/sebastiankaeser/Study/WApp-Madm/app/controllers/HomeController.scala[0m
2023.09.19 15:48:45 WARN  no build target for: /Users/sebastiankaeser/Study/WApp-Madm/app/controllers/HomeController.scala[0m
2023.09.19 15:49:20 WARN  no build target for: /Users/sebastiankaeser/Study/WApp-Madm/app/controllers/HomeController.scala[0m
Sept. 19, 2023 3:49:25 PM org.eclipse.lsp4j.jsonrpc.RemoteEndpoint handleCancellation
WARNING: Unmatched cancel notification for request id 1035
2023.09.19 15:49:27 WARN  no build target for: /Users/sebastiankaeser/Study/WApp-Madm/app/controllers/HomeController.scala[0m
2023.09.19 15:49:47 WARN  no build target for: /Users/sebastiankaeser/Study/WApp-Madm/app/controllers/HomeController.scala[0m
Sept. 19, 2023 3:50:06 PM org.eclipse.lsp4j.jsonrpc.RemoteEndpoint handleCancellation
WARNING: Unmatched cancel notification for request id 1096
2023.09.19 15:50:08 WARN  no build target for: /Users/sebastiankaeser/Study/WApp-Madm/app/controllers/HomeController.scala[0m
2023.09.19 15:50:19 WARN  no build target for: /Users/sebastiankaeser/Study/WApp-Madm/app/controllers/HomeController.scala[0m
Sept. 19, 2023 3:50:29 PM org.eclipse.lsp4j.jsonrpc.RemoteEndpoint handleCancellation
WARNING: Unmatched cancel notification for request id 1139
Sept. 19, 2023 3:51:56 PM org.eclipse.lsp4j.jsonrpc.RemoteEndpoint handleCancellation
WARNING: Unmatched cancel notification for request id 1211
2023.09.19 15:51:57 WARN  no build target for: /Users/sebastiankaeser/Study/WApp-Madm/app/controllers/HomeController.scala[0m
2023.09.19 15:51:58 WARN  no build target for: /Users/sebastiankaeser/Study/WApp-Madm/app/controllers/HomeController.scala[0m
2023.09.19 15:52:21 WARN  no build target for: /Users/sebastiankaeser/Study/WApp-Madm/app/controllers/HomeController.scala[0m
2023.09.19 15:52:26 WARN  no build target for: /Users/sebastiankaeser/Study/WApp-Madm/app/controllers/HomeController.scala[0m
2023.09.19 15:52:36 WARN  no build target for: /Users/sebastiankaeser/Study/WApp-Madm/app/controllers/HomeController.scala[0m
2023.09.19 15:53:02 WARN  no build target for: /Users/sebastiankaeser/Study/WApp-Madm/app/controllers/HomeController.scala[0m
2023.09.19 15:53:06 WARN  no build target for: /Users/sebastiankaeser/Study/WApp-Madm/app/controllers/HomeController.scala[0m
2023.09.19 15:53:08 WARN  no build target for: /Users/sebastiankaeser/Study/WApp-Madm/app/controllers/HomeController.scala[0m
2023.09.19 15:53:10 WARN  no build target for: /Users/sebastiankaeser/Study/WApp-Madm/app/controllers/HomeController.scala[0m
Sept. 19, 2023 3:53:11 PM org.eclipse.lsp4j.jsonrpc.RemoteEndpoint handleCancellation
WARNING: Unmatched cancel notification for request id 1422
2023.09.19 15:53:12 WARN  no build target for: /Users/sebastiankaeser/Study/WApp-Madm/app/controllers/HomeController.scala[0m
2023.09.19 15:56:35 WARN  no build target for: /Users/sebastiankaeser/Study/WApp-Madm/app/controllers/HomeController.scala[0m
2023.09.19 15:56:38 WARN  no build target for: /Users/sebastiankaeser/Study/WApp-Madm/app/controllers/HomeController.scala[0m
2023.09.19 15:56:40 WARN  no build target for: /Users/sebastiankaeser/Study/WApp-Madm/app/controllers/HomeController.scala[0m
2023.09.19 15:56:46 WARN  no build target for: /Users/sebastiankaeser/Study/WApp-Madm/app/controllers/HomeController.scala[0m
2023.09.19 15:57:02 WARN  no build target for: /Users/sebastiankaeser/Study/WApp-Madm/app/controllers/HomeController.scala[0m
2023.09.19 15:57:03 WARN  no build target for: /Users/sebastiankaeser/Study/WApp-Madm/app/controllers/HomeController.scala[0m
2023.09.19 15:57:18 WARN  no build target for: /Users/sebastiankaeser/Study/WApp-Madm/app/controllers/HomeController.scala[0m
2023.09.19 15:57:29 WARN  no build target for: /Users/sebastiankaeser/Study/WApp-Madm/app/controllers/HomeController.scala[0m
2023.09.19 15:57:33 WARN  no build target for: /Users/sebastiankaeser/Study/WApp-Madm/app/controllers/HomeController.scala[0m
2023.09.19 15:57:41 WARN  no build target for: /Users/sebastiankaeser/Study/WApp-Madm/app/controllers/HomeController.scala[0m
2023.09.19 16:00:27 WARN  no build target for: /Users/sebastiankaeser/Study/WApp-Madm/app/controllers/HomeController.scala[0m
2023.09.19 16:00:39 WARN  no build target for: /Users/sebastiankaeser/Study/WApp-Madm/app/controllers/HomeController.scala[0m
2023.09.19 16:01:01 WARN  no build target for: /Users/sebastiankaeser/Study/WApp-Madm/app/controllers/HomeController.scala[0m
2023.09.19 16:01:18 WARN  no build target for: /Users/sebastiankaeser/Study/WApp-Madm/app/controllers/HomeController.scala[0m
2023.09.19 16:01:22 WARN  no build target for: /Users/sebastiankaeser/Study/WApp-Madm/app/controllers/HomeController.scala[0m
2023.09.19 16:01:26 WARN  no build target for: /Users/sebastiankaeser/Study/WApp-Madm/app/controllers/HomeController.scala[0m
2023.09.19 16:01:29 WARN  no build target for: /Users/sebastiankaeser/Study/WApp-Madm/app/controllers/HomeController.scala[0m
2023.09.19 16:04:21 WARN  no build target for: /Users/sebastiankaeser/Study/WApp-Madm/app/controllers/HomeController.scala[0m
2023.09.19 16:04:23 WARN  no build target for: /Users/sebastiankaeser/Study/WApp-Madm/app/controllers/HomeController.scala[0m
2023.09.19 16:04:24 WARN  no build target for: /Users/sebastiankaeser/Study/WApp-Madm/app/controllers/HomeController.scala[0m
2023.09.19 16:04:31 WARN  no build target for: /Users/sebastiankaeser/Study/WApp-Madm/app/controllers/HomeController.scala[0m
2023.09.19 16:04:35 WARN  no build target for: /Users/sebastiankaeser/Study/WApp-Madm/app/controllers/HomeController.scala[0m
2023.09.19 16:04:43 WARN  no build target for: /Users/sebastiankaeser/Study/WApp-Madm/app/controllers/HomeController.scala[0m
2023.09.19 16:04:45 WARN  no build target for: /Users/sebastiankaeser/Study/WApp-Madm/app/controllers/HomeController.scala[0m
2023.09.19 16:04:47 WARN  no build target for: /Users/sebastiankaeser/Study/WApp-Madm/app/controllers/HomeController.scala[0m
2023.09.19 16:04:52 WARN  no build target for: /Users/sebastiankaeser/Study/WApp-Madm/app/controllers/HomeController.scala[0m
2023.09.19 16:04:57 WARN  no build target for: /Users/sebastiankaeser/Study/WApp-Madm/app/controllers/HomeController.scala[0m
2023.09.19 16:05:02 WARN  no build target for: /Users/sebastiankaeser/Study/WApp-Madm/app/controllers/HomeController.scala[0m
2023.09.19 16:05:05 WARN  no build target for: /Users/sebastiankaeser/Study/WApp-Madm/app/controllers/HomeController.scala[0m
2023.09.19 16:06:53 WARN  no build target for: /Users/sebastiankaeser/Study/WApp-Madm/app/controllers/HomeController.scala[0m
2023.09.19 16:06:59 WARN  no build target for: /Users/sebastiankaeser/Study/WApp-Madm/app/controllers/HomeController.scala[0m
2023.09.19 16:07:04 WARN  no build target for: /Users/sebastiankaeser/Study/WApp-Madm/app/controllers/HomeController.scala[0m
2023.09.19 16:07:08 WARN  no build target for: /Users/sebastiankaeser/Study/WApp-Madm/app/controllers/HomeController.scala[0m
Sept. 19, 2023 4:07:12 PM org.eclipse.lsp4j.jsonrpc.RemoteEndpoint handleCancellation
WARNING: Unmatched cancel notification for request id 2279
2023.09.19 16:07:14 WARN  no build target for: /Users/sebastiankaeser/Study/WApp-Madm/app/controllers/HomeController.scala[0m
2023.09.19 16:07:18 WARN  no build target for: /Users/sebastiankaeser/Study/WApp-Madm/app/controllers/HomeController.scala[0m
2023.09.19 16:07:21 WARN  no build target for: /Users/sebastiankaeser/Study/WApp-Madm/app/controllers/HomeController.scala[0m
2023.09.19 16:07:24 WARN  no build target for: /Users/sebastiankaeser/Study/WApp-Madm/app/controllers/HomeController.scala[0m
2023.09.19 16:07:38 WARN  no build target for: /Users/sebastiankaeser/Study/WApp-Madm/app/controllers/HomeController.scala[0m
2023.09.19 16:07:59 WARN  no build target for: /Users/sebastiankaeser/Study/WApp-Madm/app/controllers/HomeController.scala[0m
Sept. 19, 2023 4:08:02 PM org.eclipse.lsp4j.jsonrpc.RemoteEndpoint handleCancellation
WARNING: Unmatched cancel notification for request id 2436
2023.09.19 16:08:05 WARN  no build target for: /Users/sebastiankaeser/Study/WApp-Madm/app/controllers/HomeController.scala[0m
Sept. 19, 2023 4:08:56 PM org.eclipse.lsp4j.jsonrpc.RemoteEndpoint handleCancellation
WARNING: Unmatched cancel notification for request id 2494
Sept. 19, 2023 4:09:05 PM org.eclipse.lsp4j.jsonrpc.RemoteEndpoint handleCancellation
WARNING: Unmatched cancel notification for request id 2511
2023.09.19 16:09:29 WARN  no build target for: /Users/sebastiankaeser/Study/WApp-Madm/app/controllers/HomeController.scala[0m
2023.09.19 16:09:35 WARN  no build target for: /Users/sebastiankaeser/Study/WApp-Madm/app/controllers/HomeController.scala[0m
2023.09.19 16:09:38 WARN  no build target for: /Users/sebastiankaeser/Study/WApp-Madm/app/controllers/HomeController.scala[0m
2023.09.19 16:09:39 WARN  no build target for: /Users/sebastiankaeser/Study/WApp-Madm/app/controllers/HomeController.scala[0m
2023.09.19 16:09:41 WARN  no build target for: /Users/sebastiankaeser/Study/WApp-Madm/app/controllers/HomeController.scala[0m
2023.09.19 16:09:46 WARN  no build target for: /Users/sebastiankaeser/Study/WApp-Madm/app/controllers/HomeController.scala[0m
2023.09.19 16:09:58 WARN  no build target for: /Users/sebastiankaeser/Study/WApp-Madm/app/controllers/HomeController.scala[0m
2023.09.19 16:10:01 WARN  no build target for: /Users/sebastiankaeser/Study/WApp-Madm/app/controllers/HomeController.scala[0m
2023.09.19 16:10:03 WARN  no build target for: /Users/sebastiankaeser/Study/WApp-Madm/app/controllers/HomeController.scala[0m
2023.09.19 16:10:05 WARN  no build target for: /Users/sebastiankaeser/Study/WApp-Madm/app/controllers/HomeController.scala[0m
2023.09.19 16:10:09 WARN  no build target for: /Users/sebastiankaeser/Study/WApp-Madm/app/controllers/HomeController.scala[0m
2023.09.19 16:10:14 WARN  no build target for: /Users/sebastiankaeser/Study/WApp-Madm/app/controllers/HomeController.scala[0m
2023.09.19 16:10:15 WARN  no build target for: /Users/sebastiankaeser/Study/WApp-Madm/app/controllers/HomeController.scala[0m
2023.09.19 16:10:21 WARN  no build target for: /Users/sebastiankaeser/Study/WApp-Madm/app/controllers/HomeController.scala[0m
2023.09.19 16:10:26 WARN  no build target for: /Users/sebastiankaeser/Study/WApp-Madm/app/controllers/HomeController.scala[0m
2023.09.19 16:10:32 WARN  no build target for: /Users/sebastiankaeser/Study/WApp-Madm/app/controllers/HomeController.scala[0m
2023.09.19 16:10:41 WARN  no build target for: /Users/sebastiankaeser/Study/WApp-Madm/app/controllers/HomeController.scala[0m
2023.09.19 16:10:47 WARN  no build target for: /Users/sebastiankaeser/Study/WApp-Madm/app/controllers/HomeController.scala[0m
2023.09.19 16:10:59 WARN  no build target for: /Users/sebastiankaeser/Study/WApp-Madm/app/controllers/HomeController.scala[0m
2023.09.19 16:11:00 WARN  no build target for: /Users/sebastiankaeser/Study/WApp-Madm/app/controllers/HomeController.scala[0m
2023.09.19 16:11:04 WARN  no build target for: /Users/sebastiankaeser/Study/WApp-Madm/app/controllers/HomeController.scala[0m
2023.09.19 16:11:08 WARN  no build target for: /Users/sebastiankaeser/Study/WApp-Madm/app/controllers/HomeController.scala[0m
2023.09.19 16:11:11 WARN  no build target for: /Users/sebastiankaeser/Study/WApp-Madm/app/controllers/HomeController.scala[0m
2023.09.19 16:11:41 WARN  no build target for: /Users/sebastiankaeser/Study/WApp-Madm/app/controllers/HomeController.scala[0m
2023.09.19 16:12:58 WARN  no build target for: /Users/sebastiankaeser/Study/WApp-Madm/app/controllers/HomeController.scala[0m
2023.09.19 16:13:01 WARN  Using indexes to guess the definition of gameController[0m
2023.09.19 16:13:05 WARN  Using indexes to guess the definition of gameController[0m
2023.09.19 16:13:06 WARN  no build target for: /Users/sebastiankaeser/Study/WApp-Madm/app/controllers/HomeController.scala[0m
2023.09.19 16:13:10 WARN  no build target for: /Users/sebastiankaeser/Study/WApp-Madm/app/controllers/HomeController.scala[0m
2023.09.19 16:13:27 WARN  no build target for: /Users/sebastiankaeser/Study/WApp-Madm/app/controllers/HomeController.scala[0m
2023.09.19 16:13:36 WARN  no build target for: /Users/sebastiankaeser/Study/WApp-Madm/app/controllers/HomeController.scala[0m
2023.09.19 16:13:40 WARN  no build target for: /Users/sebastiankaeser/Study/WApp-Madm/app/controllers/HomeController.scala[0m
2023.09.19 16:13:41 WARN  Using indexes to guess the definition of gameController[0m
2023.09.19 16:13:41 WARN  Using indexes to guess the definition of diceVal[0m
2023.09.19 16:13:42 WARN  no build target for: /Users/sebastiankaeser/Study/WApp-Madm/app/controllers/HomeController.scala[0m
2023.09.19 16:13:45 WARN  no build target for: /Users/sebastiankaeser/Study/WApp-Madm/app/controllers/HomeController.scala[0m
2023.09.19 16:13:57 WARN  Using indexes to guess the definition of turn[0m
2023.09.19 16:13:57 WARN  Using indexes to guess the definition of turn[0m
2023.09.19 16:13:58 WARN  Using indexes to guess the definition of turn[0m
2023.09.19 16:13:57 WARN  Using indexes to guess the definition of player[0m
2023.09.19 16:14:00 WARN  no build target for: /Users/sebastiankaeser/Study/WApp-Madm/app/controllers/HomeController.scala[0m
2023.09.19 16:14:08 WARN  Using indexes to guess the definition of gameController[0m
2023.09.19 16:14:08 WARN  Using indexes to guess the definition of gameController[0m
2023.09.19 16:14:08 WARN  Using indexes to guess the definition of player[0m
2023.09.19 16:14:08 WARN  no build target for: /Users/sebastiankaeser/Study/WApp-Madm/app/controllers/HomeController.scala[0m
2023.09.19 16:14:09 WARN  Using indexes to guess the definition of turn[0m
2023.09.19 16:14:10 WARN  no build target for: /Users/sebastiankaeser/Study/WApp-Madm/app/controllers/HomeController.scala[0m
2023.09.19 16:14:17 WARN  no build target for: /Users/sebastiankaeser/Study/WApp-Madm/app/controllers/HomeController.scala[0m
2023.09.19 16:14:19 WARN  Using indexes to guess the definition of turn[0m
2023.09.19 16:14:20 WARN  no build target for: /Users/sebastiankaeser/Study/WApp-Madm/app/controllers/HomeController.scala[0m
2023.09.19 16:15:16 WARN  no build target for: /Users/sebastiankaeser/Study/WApp-Madm/app/controllers/HomeController.scala[0m
2023.09.19 16:15:19 WARN  no build target for: /Users/sebastiankaeser/Study/WApp-Madm/app/controllers/HomeController.scala[0m
2023.09.19 16:15:22 WARN  no build target for: /Users/sebastiankaeser/Study/WApp-Madm/app/controllers/HomeController.scala[0m
2023.09.19 16:16:10 WARN  no build target for: /Users/sebastiankaeser/Study/WApp-Madm/app/controllers/HomeController.scala[0m
2023.09.19 16:16:16 WARN  no build target for: /Users/sebastiankaeser/Study/WApp-Madm/app/controllers/HomeController.scala[0m
2023.09.19 16:17:33 WARN  Using indexes to guess the definition of gameController[0m
2023.09.19 16:20:50 WARN  no build target for: /Users/sebastiankaeser/Study/WApp-Madm/app/controllers/HomeController.scala[0m
Sept. 19, 2023 4:21:00 PM org.eclipse.lsp4j.jsonrpc.RemoteEndpoint handleCancellation
WARNING: Unmatched cancel notification for request id 3532
2023.09.19 16:21:04 WARN  no build target for: /Users/sebastiankaeser/Study/WApp-Madm/app/controllers/HomeController.scala[0m
2023.09.19 16:21:11 WARN  no build target for: /Users/sebastiankaeser/Study/WApp-Madm/app/controllers/HomeController.scala[0m
2023.09.19 16:22:14 WARN  no build target for: /Users/sebastiankaeser/Study/WApp-Madm/app/controllers/HomeController.scala[0m
2023.09.19 16:22:25 WARN  no build target for: /Users/sebastiankaeser/Study/WApp-Madm/app/controllers/HomeController.scala[0m
2023.09.19 16:24:07 WARN  no build target for: /Users/sebastiankaeser/Study/WApp-Madm/app/controllers/HomeController.scala[0m
2023.09.19 16:42:14 WARN  no build target for: /Users/sebastiankaeser/Study/WApp-Madm/app/controllers/HomeController.scala[0m
2023.09.19 16:42:18 WARN  no build target for: /Users/sebastiankaeser/Study/WApp-Madm/app/controllers/HomeController.scala[0m
2023.09.19 16:43:50 WARN  no build target for: /Users/sebastiankaeser/Study/WApp-Madm/app/controllers/HomeController.scala[0m
2023.09.19 16:43:54 WARN  no build target for: /Users/sebastiankaeser/Study/WApp-Madm/app/controllers/HomeController.scala[0m
2023.09.19 16:48:02 WARN  no build target for: /Users/sebastiankaeser/Study/WApp-Madm/app/controllers/HomeController.scala[0m
2023.09.19 16:48:07 WARN  no build target for: /Users/sebastiankaeser/Study/WApp-Madm/app/controllers/HomeController.scala[0m
Sept. 19, 2023 5:10:57 PM org.eclipse.lsp4j.jsonrpc.RemoteEndpoint handleCancellation
WARNING: Unmatched cancel notification for request id 4453
2023.09.19 17:12:42 WARN  no build target for: /Users/sebastiankaeser/Study/WApp-Madm/app/controllers/HomeController.scala[0m
2023.09.19 17:12:44 WARN  no build target for: /Users/sebastiankaeser/Study/WApp-Madm/app/controllers/HomeController.scala[0m
2023.09.19 17:12:47 WARN  no build target for: /Users/sebastiankaeser/Study/WApp-Madm/app/controllers/HomeController.scala[0m
2023.09.19 17:27:02 INFO  Shutting down server[0m
2023.09.19 17:27:02 INFO  shutting down Metals[0m
2023.09.19 17:27:02 INFO  Exiting server[0m
2023.09.25 18:19:53 INFO  Started: Metals version 1.0.1 in folders '/Users/sebastiankaeser/Study/WApp-Madm' for client Visual Studio Code 1.82.2.[0m
Sept. 25, 2023 6:19:53 PM org.flywaydb.core.internal.license.VersionPrinter printVersionOnly
INFO: Flyway Community Edition 9.21.2 by Redgate
Sept. 25, 2023 6:19:53 PM org.flywaydb.core.internal.license.VersionPrinter printVersion
INFO: See release notes here: https://rd.gt/416ObMi
Sept. 25, 2023 6:19:53 PM org.flywaydb.core.internal.license.VersionPrinter printVersion
INFO: 
Sept. 25, 2023 6:19:53 PM org.flywaydb.core.FlywayExecutor execute
INFO: Database: jdbc:h2:file:/Users/sebastiankaeser/Study/WApp-Madm/.metals/metals (H2 2.1)
Sept. 25, 2023 6:19:53 PM org.flywaydb.core.internal.command.DbValidate validate
INFO: Successfully validated 4 migrations (execution time 00:00.016s)
Sept. 25, 2023 6:19:53 PM org.flywaydb.core.internal.command.DbMigrate migrateGroup
INFO: Current version of schema "PUBLIC": 4
Sept. 25, 2023 6:19:53 PM org.flywaydb.core.internal.command.DbMigrate logSummary
INFO: Schema "PUBLIC" is up to date. No migration necessary.
2023.09.25 18:19:53 INFO  time: initialize in 0.36s[0m
2023.09.25 18:19:54 WARN  Build server is not auto-connectable.[0m
2023.09.25 18:19:54 WARN  no build target for: /Users/sebastiankaeser/Study/WApp-Madm/app/controllers/HomeController.scala[0m
2023.09.25 18:19:56 INFO  no build target found for /Users/sebastiankaeser/Study/WApp-Madm/app/controllers/HomeController.scala. Using presentation compiler with project's scala-library version: 3.3.0[0m
2023.09.25 18:19:57 INFO  time: code lens generation in 2.77s[0m
Sept. 25, 2023 6:19:59 PM org.eclipse.lsp4j.jsonrpc.RemoteEndpoint handleCancellation
WARNING: Unmatched cancel notification for request id 8
2023.09.25 19:32:21 INFO  Shutting down server[0m
2023.09.25 19:32:21 INFO  shutting down Metals[0m
2023.09.25 19:32:21 INFO  Exiting server[0m
2023.09.26 17:46:04 INFO  Started: Metals version 1.0.1 in folders '/Users/sebastiankaeser/Study/WApp-Madm' for client Visual Studio Code 1.82.2.[0m
Sept. 26, 2023 5:46:04 PM org.flywaydb.core.internal.license.VersionPrinter printVersionOnly
INFO: Flyway Community Edition 9.21.2 by Redgate
Sept. 26, 2023 5:46:04 PM org.flywaydb.core.internal.license.VersionPrinter printVersion
INFO: See release notes here: https://rd.gt/416ObMi
Sept. 26, 2023 5:46:04 PM org.flywaydb.core.internal.license.VersionPrinter printVersion
INFO: 
Sept. 26, 2023 5:46:04 PM org.flywaydb.core.FlywayExecutor execute
INFO: Database: jdbc:h2:file:/Users/sebastiankaeser/Study/WApp-Madm/.metals/metals (H2 2.1)
Sept. 26, 2023 5:46:04 PM org.flywaydb.core.internal.command.DbValidate validate
INFO: Successfully validated 4 migrations (execution time 00:00.013s)
Sept. 26, 2023 5:46:04 PM org.flywaydb.core.internal.command.DbMigrate migrateGroup
INFO: Current version of schema "PUBLIC": 4
Sept. 26, 2023 5:46:04 PM org.flywaydb.core.internal.command.DbMigrate logSummary
INFO: Schema "PUBLIC" is up to date. No migration necessary.
2023.09.26 17:46:04 INFO  time: initialize in 0.58s[0m
2023.09.26 17:46:06 WARN  Build server is not auto-connectable.[0m
2023.09.26 17:46:06 WARN  no build target for: /Users/sebastiankaeser/Study/WApp-Madm/app/controllers/HomeController.scala[0m
2023.09.26 17:46:09 INFO  no build target found for /Users/sebastiankaeser/Study/WApp-Madm/app/controllers/HomeController.scala. Using presentation compiler with project's scala-library version: 3.3.0[0m
Sept. 26, 2023 5:46:09 PM org.eclipse.lsp4j.jsonrpc.RemoteEndpoint handleCancellation
WARNING: Unmatched cancel notification for request id 8
2023.09.26 17:46:10 INFO  time: code lens generation in 1.15s[0m
2023.09.26 17:46:10 INFO  time: code lens generation in 1.15s[0m
2023.09.26 17:46:10 INFO  time: code lens generation in 4.12s[0m
2023.09.26 17:46:10 INFO  time: code lens generation in 1.07s[0m
2023.09.26 17:56:32 INFO  Shutting down server[0m
2023.09.26 17:56:32 INFO  shutting down Metals[0m
2023.09.26 17:56:32 INFO  Exiting server[0m
2023.09.26 17:56:42 INFO  Started: Metals version 1.0.1 in folders '/Users/sebastiankaeser/Study/WApp-Madm' for client Visual Studio Code 1.82.2.[0m
Sept. 26, 2023 5:56:42 PM org.flywaydb.core.internal.license.VersionPrinter printVersionOnly
INFO: Flyway Community Edition 9.21.2 by Redgate
Sept. 26, 2023 5:56:42 PM org.flywaydb.core.internal.license.VersionPrinter printVersion
INFO: See release notes here: https://rd.gt/416ObMi
Sept. 26, 2023 5:56:42 PM org.flywaydb.core.internal.license.VersionPrinter printVersion
INFO: 
Sept. 26, 2023 5:56:43 PM org.flywaydb.core.FlywayExecutor execute
INFO: Database: jdbc:h2:file:/Users/sebastiankaeser/Study/WApp-Madm/.metals/metals (H2 2.1)
Sept. 26, 2023 5:56:43 PM org.flywaydb.core.internal.command.DbValidate validate
INFO: Successfully validated 4 migrations (execution time 00:00.008s)
Sept. 26, 2023 5:56:43 PM org.flywaydb.core.internal.command.DbMigrate migrateGroup
INFO: Current version of schema "PUBLIC": 4
Sept. 26, 2023 5:56:43 PM org.flywaydb.core.internal.command.DbMigrate logSummary
INFO: Schema "PUBLIC" is up to date. No migration necessary.
2023.09.26 17:56:43 INFO  time: initialize in 0.39s[0m
2023.09.26 17:56:44 WARN  Build server is not auto-connectable.[0m
2023.09.26 18:19:17 WARN  no build target for: /Users/sebastiankaeser/Study/WApp-Madm/app/controllers/HomeController.scala[0m
2023.09.26 18:19:18 INFO  no build target found for /Users/sebastiankaeser/Study/WApp-Madm/app/controllers/HomeController.scala. Using presentation compiler with project's scala-library version: 3.3.0[0m
Sept. 26, 2023 6:19:34 PM org.eclipse.lsp4j.jsonrpc.RemoteEndpoint handleCancellation
WARNING: Unmatched cancel notification for request id 25
2023.09.26 18:19:35 WARN  no build target for: /Users/sebastiankaeser/Study/WApp-Madm/app/controllers/HomeController.scala[0m
2023.09.26 18:20:42 WARN  no build target for: /Users/sebastiankaeser/Study/WApp-Madm/app/controllers/HomeController.scala[0m
2023.09.26 18:20:46 WARN  no build target for: /Users/sebastiankaeser/Study/WApp-Madm/app/controllers/HomeController.scala[0m
2023.09.26 18:20:50 WARN  no build target for: /Users/sebastiankaeser/Study/WApp-Madm/app/controllers/HomeController.scala[0m
2023.09.26 18:20:51 WARN  no build target for: /Users/sebastiankaeser/Study/WApp-Madm/app/controllers/HomeController.scala[0m
2023.09.26 18:20:57 WARN  no build target for: /Users/sebastiankaeser/Study/WApp-Madm/app/controllers/HomeController.scala[0m
2023.09.26 18:55:39 INFO  Shutting down server[0m
2023.09.26 18:55:39 INFO  shutting down Metals[0m
2023.09.26 18:55:39 ERROR Unexpected error initializing server: 
org.eclipse.lsp4j.jsonrpc.ResponseErrorException: Request window/showMessageRequest failed with message: Canceled
	at org.eclipse.lsp4j.jsonrpc.RemoteEndpoint.handleResponse(RemoteEndpoint.java:209)
	at org.eclipse.lsp4j.jsonrpc.RemoteEndpoint.consume(RemoteEndpoint.java:193)
	at org.eclipse.lsp4j.jsonrpc.json.StreamMessageProducer.handleMessage(StreamMessageProducer.java:194)
	at org.eclipse.lsp4j.jsonrpc.json.StreamMessageProducer.listen(StreamMessageProducer.java:94)
	at org.eclipse.lsp4j.jsonrpc.json.ConcurrentMessageProcessor.run(ConcurrentMessageProcessor.java:113)
	at java.util.concurrent.Executors$RunnableAdapter.call(Executors.java:539)
	at java.util.concurrent.FutureTask.run(FutureTask.java:264)
	at java.util.concurrent.ThreadPoolExecutor.runWorker(ThreadPoolExecutor.java:1136)
	at java.util.concurrent.ThreadPoolExecutor$Worker.run(ThreadPoolExecutor.java:635)
	at java.lang.Thread.run(Thread.java:833)
[0m
2023.09.26 18:55:39 INFO  Exiting server[0m
2023.09.30 17:01:57 INFO  Started: Metals version 1.0.1 in folders '/Users/sebastiankaeser/Study/WApp-Madm' for client Visual Studio Code 1.82.2.[0m
Sept. 30, 2023 5:01:57 PM org.flywaydb.core.internal.license.VersionPrinter printVersionOnly
INFO: Flyway Community Edition 9.21.2 by Redgate
Sept. 30, 2023 5:01:57 PM org.flywaydb.core.internal.license.VersionPrinter printVersion
INFO: See release notes here: https://rd.gt/416ObMi
Sept. 30, 2023 5:01:57 PM org.flywaydb.core.internal.license.VersionPrinter printVersion
INFO: 
Sept. 30, 2023 5:01:57 PM org.flywaydb.core.FlywayExecutor execute
INFO: Database: jdbc:h2:file:/Users/sebastiankaeser/Study/WApp-Madm/.metals/metals (H2 2.1)
Sept. 30, 2023 5:01:57 PM org.flywaydb.core.internal.command.DbValidate validate
INFO: Successfully validated 4 migrations (execution time 00:00.009s)
Sept. 30, 2023 5:01:57 PM org.flywaydb.core.internal.command.DbMigrate migrateGroup
INFO: Current version of schema "PUBLIC": 4
Sept. 30, 2023 5:01:57 PM org.flywaydb.core.internal.command.DbMigrate logSummary
INFO: Schema "PUBLIC" is up to date. No migration necessary.
2023.09.30 17:01:57 INFO  time: initialize in 0.38s[0m
2023.09.30 17:01:59 WARN  Build server is not auto-connectable.[0m
2023.09.30 17:03:34 WARN  no build target for: /Users/sebastiankaeser/Study/WApp-Madm/app/controllers/HomeController.scala[0m
2023.09.30 17:03:36 INFO  no build target found for /Users/sebastiankaeser/Study/WApp-Madm/app/controllers/HomeController.scala. Using presentation compiler with project's scala-library version: 3.3.0[0m
Sept. 30, 2023 5:03:37 PM org.eclipse.lsp4j.jsonrpc.RemoteEndpoint handleCancellation
WARNING: Unmatched cancel notification for request id 1
2023.09.30 17:35:35 WARN  no build target for: /Users/sebastiankaeser/Study/WApp-Madm/app/controllers/HomeController.scala[0m
2023.09.30 17:40:28 WARN  no build target for: /Users/sebastiankaeser/Study/WApp-Madm/app/controllers/HomeController.scala[0m
Sept. 30, 2023 5:40:31 PM org.eclipse.lsp4j.jsonrpc.RemoteEndpoint handleCancellation
WARNING: Unmatched cancel notification for request id 102
2023.09.30 17:40:35 WARN  no build target for: /Users/sebastiankaeser/Study/WApp-Madm/app/controllers/HomeController.scala[0m
2023.09.30 17:40:56 WARN  no build target for: /Users/sebastiankaeser/Study/WApp-Madm/app/controllers/HomeController.scala[0m
2023.09.30 17:41:37 WARN  no build target for: /Users/sebastiankaeser/Study/WApp-Madm/app/controllers/HomeController.scala[0m
2023.09.30 17:49:46 WARN  no build target for: /Users/sebastiankaeser/Study/WApp-Madm/app/controllers/HomeController.scala[0m
2023.09.30 17:49:49 WARN  no build target for: /Users/sebastiankaeser/Study/WApp-Madm/app/controllers/HomeController.scala[0m
2023.09.30 17:49:51 WARN  no build target for: /Users/sebastiankaeser/Study/WApp-Madm/app/controllers/HomeController.scala[0m
2023.09.30 17:49:53 WARN  no build target for: /Users/sebastiankaeser/Study/WApp-Madm/app/controllers/HomeController.scala[0m
2023.09.30 17:49:59 WARN  no build target for: /Users/sebastiankaeser/Study/WApp-Madm/app/controllers/HomeController.scala[0m
2023.09.30 17:50:01 WARN  no build target for: /Users/sebastiankaeser/Study/WApp-Madm/app/controllers/HomeController.scala[0m
2023.09.30 17:50:02 WARN  no build target for: /Users/sebastiankaeser/Study/WApp-Madm/app/controllers/HomeController.scala[0m
2023.09.30 17:50:05 WARN  no build target for: /Users/sebastiankaeser/Study/WApp-Madm/app/controllers/HomeController.scala[0m
2023.09.30 17:50:11 WARN  no build target for: /Users/sebastiankaeser/Study/WApp-Madm/app/controllers/HomeController.scala[0m
2023.09.30 17:50:41 WARN  no build target for: /Users/sebastiankaeser/Study/WApp-Madm/app/controllers/HomeController.scala[0m
2023.09.30 17:51:00 WARN  no build target for: /Users/sebastiankaeser/Study/WApp-Madm/app/controllers/HomeController.scala[0m
2023.09.30 17:51:04 WARN  no build target for: /Users/sebastiankaeser/Study/WApp-Madm/app/controllers/HomeController.scala[0m
2023.09.30 17:52:30 WARN  no build target for: /Users/sebastiankaeser/Study/WApp-Madm/app/controllers/HomeController.scala[0m
2023.09.30 17:52:37 WARN  no build target for: /Users/sebastiankaeser/Study/WApp-Madm/app/controllers/HomeController.scala[0m
2023.09.30 17:52:39 WARN  no build target for: /Users/sebastiankaeser/Study/WApp-Madm/app/controllers/HomeController.scala[0m
2023.09.30 17:52:41 WARN  no build target for: /Users/sebastiankaeser/Study/WApp-Madm/app/controllers/HomeController.scala[0m
2023.09.30 17:52:43 WARN  no build target for: /Users/sebastiankaeser/Study/WApp-Madm/app/controllers/HomeController.scala[0m
2023.09.30 17:52:49 WARN  no build target for: /Users/sebastiankaeser/Study/WApp-Madm/app/controllers/HomeController.scala[0m
2023.09.30 17:52:51 WARN  no build target for: /Users/sebastiankaeser/Study/WApp-Madm/app/controllers/HomeController.scala[0m
2023.09.30 17:53:08 WARN  no build target for: /Users/sebastiankaeser/Study/WApp-Madm/app/controllers/HomeController.scala[0m
2023.09.30 17:53:18 WARN  no build target for: /Users/sebastiankaeser/Study/WApp-Madm/app/controllers/HomeController.scala[0m
2023.09.30 17:53:20 WARN  no build target for: /Users/sebastiankaeser/Study/WApp-Madm/app/controllers/HomeController.scala[0m
2023.09.30 17:53:22 WARN  no build target for: /Users/sebastiankaeser/Study/WApp-Madm/app/controllers/HomeController.scala[0m
2023.09.30 17:53:29 WARN  no build target for: /Users/sebastiankaeser/Study/WApp-Madm/app/controllers/HomeController.scala[0m
2023.09.30 18:34:57 WARN  no build target for: /Users/sebastiankaeser/Study/WApp-Madm/app/controllers/HomeController.scala[0m
2023.09.30 18:35:08 WARN  no build target for: /Users/sebastiankaeser/Study/WApp-Madm/app/controllers/HomeController.scala[0m
2023.09.30 18:36:25 WARN  no build target for: /Users/sebastiankaeser/Study/WApp-Madm/app/controllers/HomeController.scala[0m
2023.09.30 18:36:28 WARN  no build target for: /Users/sebastiankaeser/Study/WApp-Madm/app/controllers/HomeController.scala[0m
2023.09.30 18:36:32 ERROR Failed to tokenize input for semantic tokens for /Users/sebastiankaeser/Study/WApp-Madm/app/controllers/HomeController.scala
scala.meta.tokenizers.TokenizeException: <input>:44: error: unclosed string literal
            Redirect("/fullBoardWurf"")
                                     ^
	at scala.meta.internal.tokenizers.Reporter.syntaxError(Reporter.scala:23)
	at scala.meta.internal.tokenizers.Reporter.syntaxError$(Reporter.scala:23)
	at scala.meta.internal.tokenizers.Reporter$$anon$1.syntaxError(Reporter.scala:33)
	at scala.meta.internal.tokenizers.Reporter.syntaxError(Reporter.scala:25)
	at scala.meta.internal.tokenizers.Reporter.syntaxError$(Reporter.scala:25)
	at scala.meta.internal.tokenizers.Reporter$$anon$1.syntaxError(Reporter.scala:33)
	at scala.meta.internal.tokenizers.LegacyScanner.getStringLit(LegacyScanner.scala:591)
	at scala.meta.internal.tokenizers.LegacyScanner.fetchDoubleQuote$1(LegacyScanner.scala:407)
	at scala.meta.internal.tokenizers.LegacyScanner.fetchToken(LegacyScanner.scala:411)
	at scala.meta.internal.tokenizers.LegacyScanner.nextToken(LegacyScanner.scala:246)
	at scala.meta.internal.tokenizers.LegacyScanner.foreach(LegacyScanner.scala:1047)
	at scala.meta.internal.tokenizers.ScalametaTokenizer.uncachedTokenize(ScalametaTokenizer.scala:24)
	at scala.meta.internal.tokenizers.ScalametaTokenizer.$anonfun$tokenize$1(ScalametaTokenizer.scala:17)
	at scala.collection.concurrent.TrieMap.getOrElseUpdate(TrieMap.scala:962)
	at scala.meta.internal.tokenizers.ScalametaTokenizer.tokenize(ScalametaTokenizer.scala:17)
	at scala.meta.internal.tokenizers.ScalametaTokenizer$$anon$2.apply(ScalametaTokenizer.scala:332)
	at scala.meta.tokenizers.Api$XtensionTokenizeDialectInput.tokenize(Api.scala:25)
	at scala.meta.tokenizers.Api$XtensionTokenizeInputLike.tokenize(Api.scala:14)
	at scala.meta.internal.metals.SemanticTokensProvider$.getTokens(SemanticTokensProvider.scala:28)
	at scala.meta.internal.metals.SemanticTokensProvider$.provide(SemanticTokensProvider.scala:89)
	at scala.meta.internal.metals.Compilers.$anonfun$semanticTokens$3(Compilers.scala:511)
	at scala.concurrent.impl.Promise$Transformation.run(Promise.scala:467)
	at java.util.concurrent.ThreadPoolExecutor.runWorker(ThreadPoolExecutor.java:1136)
	at java.util.concurrent.ThreadPoolExecutor$Worker.run(ThreadPoolExecutor.java:635)
	at java.lang.Thread.run(Thread.java:833)
[0m
2023.09.30 18:36:33 WARN  no build target for: /Users/sebastiankaeser/Study/WApp-Madm/app/controllers/HomeController.scala[0m
2023.09.30 18:36:33 ERROR Failed to tokenize input for semantic tokens for /Users/sebastiankaeser/Study/WApp-Madm/app/controllers/HomeController.scala
scala.meta.tokenizers.TokenizeException: <input>:44: error: unclosed string literal
            Redirect("/fullBoardWurf"")
                                     ^
	at scala.meta.internal.tokenizers.Reporter.syntaxError(Reporter.scala:23)
	at scala.meta.internal.tokenizers.Reporter.syntaxError$(Reporter.scala:23)
	at scala.meta.internal.tokenizers.Reporter$$anon$1.syntaxError(Reporter.scala:33)
	at scala.meta.internal.tokenizers.Reporter.syntaxError(Reporter.scala:25)
	at scala.meta.internal.tokenizers.Reporter.syntaxError$(Reporter.scala:25)
	at scala.meta.internal.tokenizers.Reporter$$anon$1.syntaxError(Reporter.scala:33)
	at scala.meta.internal.tokenizers.LegacyScanner.getStringLit(LegacyScanner.scala:591)
	at scala.meta.internal.tokenizers.LegacyScanner.fetchDoubleQuote$1(LegacyScanner.scala:407)
	at scala.meta.internal.tokenizers.LegacyScanner.fetchToken(LegacyScanner.scala:411)
	at scala.meta.internal.tokenizers.LegacyScanner.nextToken(LegacyScanner.scala:246)
	at scala.meta.internal.tokenizers.LegacyScanner.foreach(LegacyScanner.scala:1047)
	at scala.meta.internal.tokenizers.ScalametaTokenizer.uncachedTokenize(ScalametaTokenizer.scala:24)
	at scala.meta.internal.tokenizers.ScalametaTokenizer.$anonfun$tokenize$1(ScalametaTokenizer.scala:17)
	at scala.collection.concurrent.TrieMap.getOrElseUpdate(TrieMap.scala:962)
	at scala.meta.internal.tokenizers.ScalametaTokenizer.tokenize(ScalametaTokenizer.scala:17)
	at scala.meta.internal.tokenizers.ScalametaTokenizer$$anon$2.apply(ScalametaTokenizer.scala:332)
	at scala.meta.tokenizers.Api$XtensionTokenizeDialectInput.tokenize(Api.scala:25)
	at scala.meta.tokenizers.Api$XtensionTokenizeInputLike.tokenize(Api.scala:14)
	at scala.meta.internal.metals.SemanticTokensProvider$.getTokens(SemanticTokensProvider.scala:28)
	at scala.meta.internal.metals.SemanticTokensProvider$.provide(SemanticTokensProvider.scala:89)
	at scala.meta.internal.metals.Compilers.$anonfun$semanticTokens$3(Compilers.scala:511)
	at scala.concurrent.impl.Promise$Transformation.run(Promise.scala:467)
	at java.util.concurrent.ThreadPoolExecutor.runWorker(ThreadPoolExecutor.java:1136)
	at java.util.concurrent.ThreadPoolExecutor$Worker.run(ThreadPoolExecutor.java:635)
	at java.lang.Thread.run(Thread.java:833)
[0m
2023.09.30 18:36:34 WARN  no build target for: /Users/sebastiankaeser/Study/WApp-Madm/app/controllers/HomeController.scala[0m
2023.09.30 18:36:36 WARN  no build target for: /Users/sebastiankaeser/Study/WApp-Madm/app/controllers/HomeController.scala[0m
2023.09.30 18:37:00 WARN  no build target for: /Users/sebastiankaeser/Study/WApp-Madm/app/controllers/HomeController.scala[0m
Sept. 30, 2023 6:37:03 PM org.eclipse.lsp4j.jsonrpc.RemoteEndpoint handleCancellation
WARNING: Unmatched cancel notification for request id 1057
2023.09.30 18:37:05 WARN  no build target for: /Users/sebastiankaeser/Study/WApp-Madm/app/controllers/HomeController.scala[0m
2023.09.30 18:39:05 WARN  no build target for: /Users/sebastiankaeser/Study/WApp-Madm/app/controllers/HomeController.scala[0m
2023.09.30 18:39:07 WARN  no build target for: /Users/sebastiankaeser/Study/WApp-Madm/app/controllers/HomeController.scala[0m
2023.09.30 18:39:11 WARN  no build target for: /Users/sebastiankaeser/Study/WApp-Madm/app/controllers/HomeController.scala[0m
2023.09.30 18:41:29 WARN  no build target for: /Users/sebastiankaeser/Study/WApp-Madm/app/controllers/HomeController.scala[0m
2023.09.30 18:41:34 WARN  no build target for: /Users/sebastiankaeser/Study/WApp-Madm/app/controllers/HomeController.scala[0m
2023.09.30 18:41:36 WARN  no build target for: /Users/sebastiankaeser/Study/WApp-Madm/app/controllers/HomeController.scala[0m
2023.09.30 18:41:38 WARN  no build target for: /Users/sebastiankaeser/Study/WApp-Madm/app/controllers/HomeController.scala[0m
2023.09.30 18:41:46 WARN  no build target for: /Users/sebastiankaeser/Study/WApp-Madm/app/controllers/HomeController.scala[0m
Sept. 30, 2023 6:42:02 PM org.eclipse.lsp4j.jsonrpc.RemoteEndpoint handleCancellation
WARNING: Unmatched cancel notification for request id 1387
2023.09.30 18:42:03 WARN  no build target for: /Users/sebastiankaeser/Study/WApp-Madm/app/controllers/HomeController.scala[0m
2023.09.30 18:42:07 WARN  no build target for: /Users/sebastiankaeser/Study/WApp-Madm/app/controllers/HomeController.scala[0m
2023.09.30 18:46:30 WARN  Using indexes to guess the definition of gameController[0m
2023.09.30 18:46:31 WARN  no build target for: /Users/sebastiankaeser/Study/WApp-Madm/app/controllers/HomeController.scala[0m
Sept. 30, 2023 6:48:28 PM org.eclipse.lsp4j.jsonrpc.RemoteEndpoint handleCancellation
WARNING: Unmatched cancel notification for request id 1515
2023.09.30 19:00:00 WARN  no build target for: /Users/sebastiankaeser/Study/WApp-Madm/app/controllers/HomeController.scala[0m
2023.09.30 19:00:18 WARN  no build target for: /Users/sebastiankaeser/Study/WApp-Madm/app/controllers/HomeController.scala[0m
2023.09.30 19:00:28 WARN  no build target for: /Users/sebastiankaeser/Study/WApp-Madm/app/controllers/HomeController.scala[0m
2023.10.15 16:21:19 INFO  Started: Metals version 1.0.1 in folders '/Users/sebastiankaeser/Study/WApp-Madm' for client Visual Studio Code 1.83.1.[0m
Okt. 15, 2023 4:21:19 PM org.flywaydb.core.internal.license.VersionPrinter printVersionOnly
INFO: Flyway Community Edition 9.21.2 by Redgate
Okt. 15, 2023 4:21:19 PM org.flywaydb.core.internal.license.VersionPrinter printVersion
INFO: See release notes here: https://rd.gt/416ObMi
Okt. 15, 2023 4:21:19 PM org.flywaydb.core.internal.license.VersionPrinter printVersion
INFO: 
Okt. 15, 2023 4:21:19 PM org.flywaydb.core.FlywayExecutor execute
INFO: Database: jdbc:h2:file:/Users/sebastiankaeser/Study/WApp-Madm/.metals/metals (H2 2.1)
Okt. 15, 2023 4:21:19 PM org.flywaydb.core.internal.command.DbValidate validate
INFO: Successfully validated 4 migrations (execution time 00:00.024s)
Okt. 15, 2023 4:21:19 PM org.flywaydb.core.internal.command.DbMigrate migrateGroup
INFO: Current version of schema "PUBLIC": 4
Okt. 15, 2023 4:21:19 PM org.flywaydb.core.internal.command.DbMigrate logSummary
INFO: Schema "PUBLIC" is up to date. No migration necessary.
2023.10.15 16:21:19 INFO  time: initialize in 0.48s[0m
2023.10.15 16:21:20 WARN  Build server is not auto-connectable.[0m
